<?xml version="1.0" encoding="UTF-8"?>
<!-- Generated by org.testng.reporters.JUnitReportReporter -->
<testsuite name="stocks_delete.StocksDelete" tests="1" time="42.590" ignored="0" failures="0" timestamp="07 Jul 2022 13:15:43 GMT" skipped="0" hostname="LAPTOP-NA1QN9AN" errors="0">
  <testcase name="delete" time="42.590" classname="stocks_delete.StocksDelete"/>
</testsuite> <!-- stocks_delete.StocksDelete -->
