<?xml version="1.0" encoding="UTF-8"?>
<!-- Generated by org.testng.reporters.JUnitReportReporter -->
<testsuite name="rediff.stocks.Stocks_Adding" tests="1" time="35.046" ignored="0" failures="0" timestamp="07 Jul 2022 12:33:44 GMT" skipped="0" hostname="LAPTOP-NA1QN9AN" errors="0">
  <testcase name="adding1" time="35.046" classname="rediff.stocks.Stocks_Adding"/>
</testsuite> <!-- rediff.stocks.Stocks_Adding -->
